ISim log file
Running: C:\Users\152\Downloads\lab1\tb_isim_beh.exe -intstyle ise -gui -tclbatch isim.cmd -wdb C:/Users/152/Downloads/lab1/tb_isim_beh.wdb 
ISim P.68d (signature 0x7708f090)
----------------------------------------------------------------------
WARNING:Security:42 - Your software subscription period has lapsed. Your current version of Xilinx tools will continue to function, but you no longer qualify for Xilinx software updates or new releases.


----------------------------------------------------------------------
This is a Full version of ISim.
Time resolution is 1 ps
# onerror resume
# wave add /
# run 1000 ns
Simulator is doing circuit initialization process.
Finished circuit initialization process.
         5 ... led output changed to        00000000
# run all
numlines is before 1024 check          20
captureddata is before 1024 check          20
numlines is after 1024 check          20
   1501000 ... Running instruction        00000000
   5243925 ... instruction        00000000 executed
   5243925 ... led output changed to        00000001
   6001000 ... Running instruction        11000000
   9176085 ... instruction        11000000 executed
   9176085 ... led output changed to        00000010
Buffer is:   0000


  10501000 ... Running instruction        00010001
  14418965 ... instruction        00010001 executed
  14418965 ... led output changed to        00000011
  15001000 ... Running instruction        11010000
  18351125 ... instruction        11010000 executed
  18351125 ... led output changed to        00000100
Buffer is:   0001


  19501000 ... Running instruction        01000110
  23594005 ... instruction        01000110 executed
  23594005 ... led output changed to        00000101
  24001000 ... Running instruction        11100000
  27526165 ... instruction        11100000 executed
  27526165 ... led output changed to        00000110
Buffer is:   0001


  28501000 ... Running instruction        01011000
  31458325 ... instruction        01011000 executed
  31458325 ... led output changed to        00000111
  33001000 ... Running instruction        11000000
  36701205 ... instruction        11000000 executed
  36701205 ... led output changed to        00001000
Buffer is:   0002


  37501000 ... Running instruction        01001001
  40633365 ... instruction        01001001 executed
  40633365 ... led output changed to        00001001
  42001000 ... Running instruction        11010000
  45876245 ... instruction        11010000 executed
  45876245 ... led output changed to        00001010
Buffer is:   0003


  46501000 ... Running instruction        01000110
  49808405 ... instruction        01000110 executed
  49808405 ... led output changed to        00001011
  51001000 ... Running instruction        11100000
  55051285 ... instruction        11100000 executed
  55051285 ... led output changed to        00001100
Buffer is:   0005


  55501000 ... Running instruction        01011000
  58983445 ... instruction        01011000 executed
  58983445 ... led output changed to        00001101
  60001000 ... Running instruction        11000000
  62915605 ... instruction        11000000 executed
  62915605 ... led output changed to        00001110
Buffer is:   0008


  64501000 ... Running instruction        01001001
  68158485 ... instruction        01001001 executed
  68158485 ... led output changed to        00001111
  69001000 ... Running instruction        11010000
  72090645 ... instruction        11010000 executed
  72090645 ... led output changed to        00010000
Buffer is:   000D


  73501000 ... Running instruction        01000110
  77333525 ... instruction        01000110 executed
  77333525 ... led output changed to        00010001
  78001000 ... Running instruction        11100000
  81265685 ... instruction        11100000 executed
  81265685 ... led output changed to        00010010
Buffer is:   0015


  82501000 ... Running instruction        01011000
  86508565 ... instruction        01011000 executed
  86508565 ... led output changed to        00010011
  87001000 ... Running instruction        11000000
  90440725 ... instruction        11000000 executed
  90440725 ... led output changed to        00010100
Buffer is:   0022


Stopped at time : 91502 us : File "C:/Users/152/Downloads/tb/tb.v" Line 69
